Start testing: Mar 02 18:21 +05
----------------------------------------------------------
Unable to find executable: test_version_b
1/2 Testing: test_version_b
1/2 Test: test_version_b
Command: ""
Directory: /home/sowa/lab/build
"test_version_b" start time: 
Output:
----------------------------------------------------------
<end of output>
Test time =   0.00 sec
----------------------------------------------------------
Test Passed.
"test_version_b" end time: Mar 02 18:21 +05
"test_version_b" time elapsed: 00:00:00
----------------------------------------------------------

Unable to find executable: test_version_gtest
2/2 Testing: test_version_gtest
2/2 Test: test_version_gtest
Command: ""
Directory: /home/sowa/lab/build
"test_version_gtest" start time: 
Output:
----------------------------------------------------------
<end of output>
Test time =   0.00 sec
----------------------------------------------------------
Test Passed.
"test_version_gtest" end time: Mar 02 18:21 +05
"test_version_gtest" time elapsed: 00:00:00
----------------------------------------------------------

End testing: Mar 02 18:21 +05
