<?xml version="1.0" encoding="UTF-8"?>
<Site BuildName="(empty)"
	BuildStamp="20250302-1404-Experimental"
	Name="(empty)"
	Generator="ctest-3.22.1"
	CompilerName=""
	CompilerVersion=""
	OSName="Linux"
	Hostname="sowa-VirtualBox"
	OSRelease="5.15.0-91-generic"
	OSVersion="#101-Ubuntu SMP Tue Nov 14 13:30:08 UTC 2023"
	OSPlatform="x86_64"
	Is64Bits="1"
	VendorString="GenuineIntel"
	VendorID="Intel Corporation"
	FamilyID="6"
	ModelID="140"
	ProcessorCacheSize="8192"
	NumberOfLogicalCPU="4"
	NumberOfPhysicalCPU="4"
	TotalVirtualMemory="2047"
	TotalPhysicalMemory="8709"
	LogicalProcessorsPerPhysical="1"
	ProcessorClockFrequency="3110.4"
	>
	<Testing>
		<StartDateTime>Mar 02 19:04 +05</StartDateTime>
		<StartTestTime>1740924270</StartTestTime>
		<TestList/>
		<EndDateTime>Mar 02 19:04 +05</EndDateTime>
		<EndTestTime>1740924270</EndTestTime>
		<ElapsedMinutes>0</ElapsedMinutes>
	</Testing>
</Site>
